2022-12-05 21:20:23,895:WARNING:
'cuml' is a soft dependency and not included in the pycaret installation. Please run: `pip install cuml` to install.
2022-12-05 21:20:23,896:WARNING:
'cuml' is a soft dependency and not included in the pycaret installation. Please run: `pip install cuml` to install.
2022-12-05 21:20:23,896:WARNING:
'cuml' is a soft dependency and not included in the pycaret installation. Please run: `pip install cuml` to install.
2022-12-05 21:20:23,896:WARNING:
'cuml' is a soft dependency and not included in the pycaret installation. Please run: `pip install cuml` to install.
2022-12-05 21:20:35,755:WARNING:
'prophet' is a soft dependency and not included in the pycaret installation. Please run: `pip install prophet` to install.
2022-12-05 21:20:38,613:INFO:PyCaret RegressionExperiment
2022-12-05 21:20:38,613:INFO:Logging name: reg-default-name
2022-12-05 21:20:38,613:INFO:ML Usecase: MLUsecase.REGRESSION
2022-12-05 21:20:38,614:INFO:version 3.0.0.rc4
2022-12-05 21:20:38,614:INFO:Initializing setup()
2022-12-05 21:20:38,614:INFO:self.USI: 276c
2022-12-05 21:20:38,614:INFO:self.variable_keys: {'X_train', 'n_jobs_param', 'X_test', 'fold_groups_param', 'gpu_param', 'exp_name_log', 'seed', 'variable_keys', 'X', 'pipeline', 'display_container', 'y', 'log_plots_param', '_available_plots', 'logging_param', 'y_test', '_ml_usecase', 'memory', 'master_model_container', '_all_models_internal', 'data', '_all_models', 'transform_target_method_param', 'html_param', 'fold_generator', 'y_train', 'idx', '_gpu_n_jobs_param', '_all_metrics', 'USI', 'transform_target_param', 'target_param', 'exp_id', 'fold_shuffle_param'}
2022-12-05 21:20:38,614:INFO:Checking environment
2022-12-05 21:20:38,614:INFO:python_version: 3.10.7
2022-12-05 21:20:38,614:INFO:python_build: ('tags/v3.10.7:6cc6b13', 'Sep  5 2022 14:08:36')
2022-12-05 21:20:38,614:INFO:machine: AMD64
2022-12-05 21:20:38,614:INFO:platform: Windows-10-10.0.19044-SP0
2022-12-05 21:20:38,615:INFO:Memory: svmem(total=4135993344, available=334266368, percent=91.9, used=3801726976, free=334266368)
2022-12-05 21:20:38,615:INFO:Physical Core: 4
2022-12-05 21:20:38,615:INFO:Logical Core: 4
2022-12-05 21:20:38,615:INFO:Checking libraries
2022-12-05 21:20:38,615:INFO:System:
2022-12-05 21:20:38,615:INFO:    python: 3.10.7 (tags/v3.10.7:6cc6b13, Sep  5 2022, 14:08:36) [MSC v.1933 64 bit (AMD64)]
2022-12-05 21:20:38,615:INFO:executable: C:\Users\LENOVO\AppData\Local\Programs\Python\Python310\python.exe
2022-12-05 21:20:38,615:INFO:   machine: Windows-10-10.0.19044-SP0
2022-12-05 21:20:38,616:INFO:PyCaret required dependencies:
2022-12-05 21:20:38,616:INFO:                 pip: 22.2.2
2022-12-05 21:20:38,616:INFO:          setuptools: 63.2.0
2022-12-05 21:20:38,616:INFO:             pycaret: 3.0.0rc4
2022-12-05 21:20:38,616:INFO:             IPython: 8.4.0
2022-12-05 21:20:38,616:INFO:          ipywidgets: 8.0.2
2022-12-05 21:20:38,616:INFO:                tqdm: 4.64.1
2022-12-05 21:20:38,616:INFO:               numpy: 1.22.4
2022-12-05 21:20:38,616:INFO:              pandas: 1.4.3
2022-12-05 21:20:38,616:INFO:              jinja2: 3.1.2
2022-12-05 21:20:38,616:INFO:               scipy: 1.8.1
2022-12-05 21:20:38,616:INFO:              joblib: 1.2.0
2022-12-05 21:20:38,616:INFO:             sklearn: 1.1.3
2022-12-05 21:20:38,617:INFO:                pyod: 1.0.6
2022-12-05 21:20:38,617:INFO:            imblearn: 0.9.1
2022-12-05 21:20:38,617:INFO:   category_encoders: 2.5.1.post0
2022-12-05 21:20:38,617:INFO:            lightgbm: 3.3.3
2022-12-05 21:20:38,617:INFO:               numba: 0.56.4
2022-12-05 21:20:38,617:INFO:            requests: 2.28.1
2022-12-05 21:20:38,617:INFO:          matplotlib: 3.6.0
2022-12-05 21:20:38,617:INFO:          scikitplot: 0.3.7
2022-12-05 21:20:38,617:INFO:         yellowbrick: 1.5
2022-12-05 21:20:38,617:INFO:              plotly: 5.11.0
2022-12-05 21:20:38,617:INFO:             kaleido: 0.2.1
2022-12-05 21:20:38,617:INFO:         statsmodels: 0.13.5
2022-12-05 21:20:38,617:INFO:              sktime: 0.13.4
2022-12-05 21:20:38,618:INFO:               tbats: 1.1.1
2022-12-05 21:20:38,618:INFO:            pmdarima: 1.8.5
2022-12-05 21:20:38,618:INFO:              psutil: 5.9.1
2022-12-05 21:20:38,618:INFO:PyCaret optional dependencies:
2022-12-05 21:20:41,029:INFO:                shap: Not installed
2022-12-05 21:20:41,030:INFO:           interpret: Not installed
2022-12-05 21:20:41,030:INFO:                umap: Not installed
2022-12-05 21:20:41,030:INFO:    pandas_profiling: Not installed
2022-12-05 21:20:41,030:INFO:  explainerdashboard: Not installed
2022-12-05 21:20:41,030:INFO:             autoviz: Not installed
2022-12-05 21:20:41,030:INFO:           fairlearn: Not installed
2022-12-05 21:20:41,030:INFO:             xgboost: Not installed
2022-12-05 21:20:41,030:INFO:            catboost: Not installed
2022-12-05 21:20:41,030:INFO:              kmodes: Not installed
2022-12-05 21:20:41,030:INFO:             mlxtend: Not installed
2022-12-05 21:20:41,030:INFO:       statsforecast: Not installed
2022-12-05 21:20:41,030:INFO:        tune_sklearn: Not installed
2022-12-05 21:20:41,030:INFO:                 ray: Not installed
2022-12-05 21:20:41,031:INFO:            hyperopt: Not installed
2022-12-05 21:20:41,031:INFO:              optuna: Not installed
2022-12-05 21:20:41,031:INFO:               skopt: Not installed
2022-12-05 21:20:41,031:INFO:              mlflow: Not installed
2022-12-05 21:20:41,031:INFO:              gradio: Not installed
2022-12-05 21:20:41,031:INFO:             fastapi: 0.87.0
2022-12-05 21:20:41,031:INFO:             uvicorn: 0.20.0
2022-12-05 21:20:41,031:INFO:              m2cgen: Not installed
2022-12-05 21:20:41,031:INFO:           evidently: Not installed
2022-12-05 21:20:41,031:INFO:                nltk: Not installed
2022-12-05 21:20:41,031:INFO:            pyLDAvis: Not installed
2022-12-05 21:20:41,031:INFO:              gensim: Not installed
2022-12-05 21:20:41,031:INFO:               spacy: Not installed
2022-12-05 21:20:41,031:INFO:           wordcloud: Not installed
2022-12-05 21:20:41,032:INFO:            textblob: Not installed
2022-12-05 21:20:41,032:INFO:               fugue: Not installed
2022-12-05 21:20:41,032:INFO:           streamlit: Not installed
2022-12-05 21:20:41,032:INFO:             prophet: Not installed
2022-12-05 21:20:41,032:INFO:None
2022-12-05 21:20:41,032:INFO:Set up data.
2022-12-05 21:20:41,058:INFO:Set up train/test split.
2022-12-05 21:20:41,076:INFO:Set up index.
2022-12-05 21:20:41,077:INFO:Set up folding strategy.
2022-12-05 21:20:41,077:INFO:Assigning column types.
2022-12-05 21:20:41,081:INFO:Engine successfully changes for model 'lr' to 'sklearn'.
2022-12-05 21:20:41,081:INFO:Engine for model 'lasso' has not been set explicitly, hence returning None.
2022-12-05 21:20:41,106:INFO:Engine for model 'ridge' has not been set explicitly, hence returning None.
2022-12-05 21:20:41,124:INFO:Engine for model 'en' has not been set explicitly, hence returning None.
2022-12-05 21:20:41,630:INFO:Engine for model 'svm' has not been set explicitly, hence returning None.
2022-12-05 21:20:41,810:INFO:Engine for model 'knn' has not been set explicitly, hence returning None.
2022-12-05 21:20:41,811:WARNING:
'xgboost' is a soft dependency and not included in the pycaret installation. Please run: `pip install xgboost` to install.
Alternately, you can install this by running `pip install pycaret[models]`
2022-12-05 21:20:41,917:WARNING:
'catboost' is a soft dependency and not included in the pycaret installation. Please run: `pip install catboost` to install.
Alternately, you can install this by running `pip install pycaret[models]`
2022-12-05 21:20:41,920:INFO:Engine for model 'lasso' has not been set explicitly, hence returning None.
2022-12-05 21:20:41,936:INFO:Engine for model 'ridge' has not been set explicitly, hence returning None.
2022-12-05 21:20:41,953:INFO:Engine for model 'en' has not been set explicitly, hence returning None.
2022-12-05 21:20:42,191:INFO:Engine for model 'svm' has not been set explicitly, hence returning None.
2022-12-05 21:20:42,359:INFO:Engine for model 'knn' has not been set explicitly, hence returning None.
2022-12-05 21:20:42,360:WARNING:
'xgboost' is a soft dependency and not included in the pycaret installation. Please run: `pip install xgboost` to install.
Alternately, you can install this by running `pip install pycaret[models]`
2022-12-05 21:20:42,360:WARNING:
'catboost' is a soft dependency and not included in the pycaret installation. Please run: `pip install catboost` to install.
Alternately, you can install this by running `pip install pycaret[models]`
2022-12-05 21:20:42,361:INFO:Engine successfully changes for model 'lasso' to 'sklearn'.
2022-12-05 21:20:42,380:INFO:Engine for model 'ridge' has not been set explicitly, hence returning None.
2022-12-05 21:20:42,401:INFO:Engine for model 'en' has not been set explicitly, hence returning None.
2022-12-05 21:20:42,621:INFO:Engine for model 'svm' has not been set explicitly, hence returning None.
2022-12-05 21:20:42,804:INFO:Engine for model 'knn' has not been set explicitly, hence returning None.
2022-12-05 21:20:42,805:WARNING:
'xgboost' is a soft dependency and not included in the pycaret installation. Please run: `pip install xgboost` to install.
Alternately, you can install this by running `pip install pycaret[models]`
2022-12-05 21:20:42,805:WARNING:
'catboost' is a soft dependency and not included in the pycaret installation. Please run: `pip install catboost` to install.
Alternately, you can install this by running `pip install pycaret[models]`
2022-12-05 21:20:42,825:INFO:Engine for model 'ridge' has not been set explicitly, hence returning None.
2022-12-05 21:20:42,844:INFO:Engine for model 'en' has not been set explicitly, hence returning None.
2022-12-05 21:20:43,070:INFO:Engine for model 'svm' has not been set explicitly, hence returning None.
2022-12-05 21:20:43,241:INFO:Engine for model 'knn' has not been set explicitly, hence returning None.
2022-12-05 21:20:43,242:WARNING:
'xgboost' is a soft dependency and not included in the pycaret installation. Please run: `pip install xgboost` to install.
Alternately, you can install this by running `pip install pycaret[models]`
2022-12-05 21:20:43,242:WARNING:
'catboost' is a soft dependency and not included in the pycaret installation. Please run: `pip install catboost` to install.
Alternately, you can install this by running `pip install pycaret[models]`
2022-12-05 21:20:43,243:INFO:Engine successfully changes for model 'ridge' to 'sklearn'.
2022-12-05 21:20:43,287:INFO:Engine for model 'en' has not been set explicitly, hence returning None.
2022-12-05 21:20:43,504:INFO:Engine for model 'svm' has not been set explicitly, hence returning None.
2022-12-05 21:20:43,669:INFO:Engine for model 'knn' has not been set explicitly, hence returning None.
2022-12-05 21:20:43,670:WARNING:
'xgboost' is a soft dependency and not included in the pycaret installation. Please run: `pip install xgboost` to install.
Alternately, you can install this by running `pip install pycaret[models]`
2022-12-05 21:20:43,670:WARNING:
'catboost' is a soft dependency and not included in the pycaret installation. Please run: `pip install catboost` to install.
Alternately, you can install this by running `pip install pycaret[models]`
2022-12-05 21:20:43,706:INFO:Engine for model 'en' has not been set explicitly, hence returning None.
2022-12-05 21:20:43,909:INFO:Engine for model 'svm' has not been set explicitly, hence returning None.
2022-12-05 21:20:44,073:INFO:Engine for model 'knn' has not been set explicitly, hence returning None.
2022-12-05 21:20:44,074:WARNING:
'xgboost' is a soft dependency and not included in the pycaret installation. Please run: `pip install xgboost` to install.
Alternately, you can install this by running `pip install pycaret[models]`
2022-12-05 21:20:44,074:WARNING:
'catboost' is a soft dependency and not included in the pycaret installation. Please run: `pip install catboost` to install.
Alternately, you can install this by running `pip install pycaret[models]`
2022-12-05 21:20:44,103:INFO:Engine successfully changes for model 'en' to 'sklearn'.
2022-12-05 21:20:44,340:INFO:Engine for model 'svm' has not been set explicitly, hence returning None.
2022-12-05 21:20:44,508:INFO:Engine for model 'knn' has not been set explicitly, hence returning None.
2022-12-05 21:20:44,509:WARNING:
'xgboost' is a soft dependency and not included in the pycaret installation. Please run: `pip install xgboost` to install.
Alternately, you can install this by running `pip install pycaret[models]`
2022-12-05 21:20:44,514:WARNING:
'catboost' is a soft dependency and not included in the pycaret installation. Please run: `pip install catboost` to install.
Alternately, you can install this by running `pip install pycaret[models]`
2022-12-05 21:20:44,749:INFO:Engine for model 'svm' has not been set explicitly, hence returning None.
2022-12-05 21:20:44,908:INFO:Engine for model 'knn' has not been set explicitly, hence returning None.
2022-12-05 21:20:44,909:WARNING:
'xgboost' is a soft dependency and not included in the pycaret installation. Please run: `pip install xgboost` to install.
Alternately, you can install this by running `pip install pycaret[models]`
2022-12-05 21:20:44,915:WARNING:
'catboost' is a soft dependency and not included in the pycaret installation. Please run: `pip install catboost` to install.
Alternately, you can install this by running `pip install pycaret[models]`
2022-12-05 21:20:44,915:INFO:Engine successfully changes for model 'knn' to 'sklearn'.
2022-12-05 21:20:45,389:INFO:Engine for model 'svm' has not been set explicitly, hence returning None.
2022-12-05 21:20:45,568:WARNING:
'xgboost' is a soft dependency and not included in the pycaret installation. Please run: `pip install xgboost` to install.
Alternately, you can install this by running `pip install pycaret[models]`
2022-12-05 21:20:45,569:WARNING:
'catboost' is a soft dependency and not included in the pycaret installation. Please run: `pip install catboost` to install.
Alternately, you can install this by running `pip install pycaret[models]`
2022-12-05 21:20:45,822:INFO:Engine for model 'svm' has not been set explicitly, hence returning None.
2022-12-05 21:20:45,984:WARNING:
'xgboost' is a soft dependency and not included in the pycaret installation. Please run: `pip install xgboost` to install.
Alternately, you can install this by running `pip install pycaret[models]`
2022-12-05 21:20:45,984:WARNING:
'catboost' is a soft dependency and not included in the pycaret installation. Please run: `pip install catboost` to install.
Alternately, you can install this by running `pip install pycaret[models]`
2022-12-05 21:20:45,985:INFO:Engine successfully changes for model 'svm' to 'sklearn'.
2022-12-05 21:20:46,431:WARNING:
'xgboost' is a soft dependency and not included in the pycaret installation. Please run: `pip install xgboost` to install.
Alternately, you can install this by running `pip install pycaret[models]`
2022-12-05 21:20:46,432:WARNING:
'catboost' is a soft dependency and not included in the pycaret installation. Please run: `pip install catboost` to install.
Alternately, you can install this by running `pip install pycaret[models]`
2022-12-05 21:20:46,834:WARNING:
'xgboost' is a soft dependency and not included in the pycaret installation. Please run: `pip install xgboost` to install.
Alternately, you can install this by running `pip install pycaret[models]`
2022-12-05 21:20:46,834:WARNING:
'catboost' is a soft dependency and not included in the pycaret installation. Please run: `pip install catboost` to install.
Alternately, you can install this by running `pip install pycaret[models]`
2022-12-05 21:20:46,837:INFO:Preparing preprocessing pipeline...
2022-12-05 21:20:46,841:INFO:Set up simple imputation.
2022-12-05 21:20:46,849:INFO:Set up encoding of ordinal features.
2022-12-05 21:20:46,852:INFO:Set up encoding of categorical features.
2022-12-05 21:20:46,853:INFO:Set up variance threshold.
2022-12-05 21:20:47,199:INFO:Finished creating preprocessing pipeline.
2022-12-05 21:20:47,228:INFO:Pipeline: Pipeline(memory=Memory(location=C:\Users\LENOVO\AppData\Local\Temp\joblib),
         steps=[('numerical_imputer',
                 TransformerWrapper(include=['age', 'bmi', 'children'],
                                    transformer=SimpleImputer())),
                ('categorical_imputer',
                 TransformerWrapper(include=['sex', 'smoker', 'region'],
                                    transformer=SimpleImputer(fill_value='constant',
                                                              strategy='constant'))),
                ('ordinal_encoding...
                                                               mapping=[{'col': 'sex',
                                                                         'mapping': {nan: -1,
                                                                                     'female': 0,
                                                                                     'male': 1}},
                                                                        {'col': 'smoker',
                                                                         'mapping': {nan: -1,
                                                                                     'no': 0,
                                                                                     'yes': 1}}]))),
                ('onehot_encoding',
                 TransformerWrapper(include=['region'],
                                    transformer=OneHotEncoder(cols=['region'],
                                                              handle_missing='return_nan',
                                                              use_cat_names=True))),
                ('low_variance',
                 TransformerWrapper(exclude=[],
                                    transformer=VarianceThreshold(threshold=0)))])
2022-12-05 21:20:47,228:INFO:Creating final display dataframe.
2022-12-05 21:20:48,454:INFO:Setup display_container:                  Description             Value
0                 Session id              2030
1                     Target           charges
2                Target type        Regression
3                 Data shape        (1338, 10)
4           Train data shape         (936, 10)
5            Test data shape         (402, 10)
6           Ordinal features                 2
7           Numeric features                 3
8       Categorical features                 3
9                 Preprocess              True
10           Imputation type            simple
11        Numeric imputation              mean
12    Categorical imputation          constant
13  Maximum one-hot encoding                 5
14           Encoding method              None
15    Low variance threshold                 0
16            Fold Generator             KFold
17               Fold Number                10
18                  CPU Jobs                -1
19                   Use GPU             False
20            Log Experiment             False
21           Experiment Name  reg-default-name
22                       USI              276c
2022-12-05 21:20:48,933:WARNING:
'xgboost' is a soft dependency and not included in the pycaret installation. Please run: `pip install xgboost` to install.
Alternately, you can install this by running `pip install pycaret[models]`
2022-12-05 21:20:48,934:WARNING:
'catboost' is a soft dependency and not included in the pycaret installation. Please run: `pip install catboost` to install.
Alternately, you can install this by running `pip install pycaret[models]`
2022-12-05 21:20:49,332:WARNING:
'xgboost' is a soft dependency and not included in the pycaret installation. Please run: `pip install xgboost` to install.
Alternately, you can install this by running `pip install pycaret[models]`
2022-12-05 21:20:49,333:WARNING:
'catboost' is a soft dependency and not included in the pycaret installation. Please run: `pip install catboost` to install.
Alternately, you can install this by running `pip install pycaret[models]`
2022-12-05 21:20:49,348:INFO:setup() successfully completed in 10.74s...............
2022-12-05 21:20:49,364:INFO:PyCaret RegressionExperiment
2022-12-05 21:20:49,364:INFO:Logging name: reg-default-name
2022-12-05 21:20:49,364:INFO:ML Usecase: MLUsecase.REGRESSION
2022-12-05 21:20:49,364:INFO:version 3.0.0.rc4
2022-12-05 21:20:49,364:INFO:Initializing setup()
2022-12-05 21:20:49,364:INFO:self.USI: 059b
2022-12-05 21:20:49,364:INFO:self.variable_keys: {'X_train', 'n_jobs_param', 'X_test', 'fold_groups_param', 'gpu_param', 'exp_name_log', 'seed', 'variable_keys', 'X', 'pipeline', 'display_container', 'y', 'log_plots_param', '_available_plots', 'logging_param', 'y_test', '_ml_usecase', 'memory', 'master_model_container', '_all_models_internal', 'data', '_all_models', 'transform_target_method_param', 'html_param', 'fold_generator', 'y_train', 'idx', '_gpu_n_jobs_param', '_all_metrics', 'USI', 'transform_target_param', 'target_param', 'exp_id', 'fold_shuffle_param'}
2022-12-05 21:20:49,365:INFO:Checking environment
2022-12-05 21:20:49,365:INFO:python_version: 3.10.7
2022-12-05 21:20:49,365:INFO:python_build: ('tags/v3.10.7:6cc6b13', 'Sep  5 2022 14:08:36')
2022-12-05 21:20:49,365:INFO:machine: AMD64
2022-12-05 21:20:49,365:INFO:platform: Windows-10-10.0.19044-SP0
2022-12-05 21:20:49,365:INFO:Memory: svmem(total=4135993344, available=308346880, percent=92.5, used=3827646464, free=308346880)
2022-12-05 21:20:49,365:INFO:Physical Core: 4
2022-12-05 21:20:49,365:INFO:Logical Core: 4
2022-12-05 21:20:49,365:INFO:Checking libraries
2022-12-05 21:20:49,365:INFO:System:
2022-12-05 21:20:49,365:INFO:    python: 3.10.7 (tags/v3.10.7:6cc6b13, Sep  5 2022, 14:08:36) [MSC v.1933 64 bit (AMD64)]
2022-12-05 21:20:49,366:INFO:executable: C:\Users\LENOVO\AppData\Local\Programs\Python\Python310\python.exe
2022-12-05 21:20:49,366:INFO:   machine: Windows-10-10.0.19044-SP0
2022-12-05 21:20:49,366:INFO:PyCaret required dependencies:
2022-12-05 21:20:49,366:INFO:                 pip: 22.2.2
2022-12-05 21:20:49,366:INFO:          setuptools: 63.2.0
2022-12-05 21:20:49,366:INFO:             pycaret: 3.0.0rc4
2022-12-05 21:20:49,366:INFO:             IPython: 8.4.0
2022-12-05 21:20:49,366:INFO:          ipywidgets: 8.0.2
2022-12-05 21:20:49,366:INFO:                tqdm: 4.64.1
2022-12-05 21:20:49,366:INFO:               numpy: 1.22.4
2022-12-05 21:20:49,366:INFO:              pandas: 1.4.3
2022-12-05 21:20:49,367:INFO:              jinja2: 3.1.2
2022-12-05 21:20:49,367:INFO:               scipy: 1.8.1
2022-12-05 21:20:49,367:INFO:              joblib: 1.2.0
2022-12-05 21:20:49,367:INFO:             sklearn: 1.1.3
2022-12-05 21:20:49,367:INFO:                pyod: 1.0.6
2022-12-05 21:20:49,367:INFO:            imblearn: 0.9.1
2022-12-05 21:20:49,367:INFO:   category_encoders: 2.5.1.post0
2022-12-05 21:20:49,368:INFO:            lightgbm: 3.3.3
2022-12-05 21:20:49,368:INFO:               numba: 0.56.4
2022-12-05 21:20:49,368:INFO:            requests: 2.28.1
2022-12-05 21:20:49,368:INFO:          matplotlib: 3.6.0
2022-12-05 21:20:49,369:INFO:          scikitplot: 0.3.7
2022-12-05 21:20:49,369:INFO:         yellowbrick: 1.5
2022-12-05 21:20:49,369:INFO:              plotly: 5.11.0
2022-12-05 21:20:49,369:INFO:             kaleido: 0.2.1
2022-12-05 21:20:49,370:INFO:         statsmodels: 0.13.5
2022-12-05 21:20:49,370:INFO:              sktime: 0.13.4
2022-12-05 21:20:49,370:INFO:               tbats: 1.1.1
2022-12-05 21:20:49,370:INFO:            pmdarima: 1.8.5
2022-12-05 21:20:49,371:INFO:              psutil: 5.9.1
2022-12-05 21:20:49,371:INFO:PyCaret optional dependencies:
2022-12-05 21:20:49,371:INFO:                shap: Not installed
2022-12-05 21:20:49,371:INFO:           interpret: Not installed
2022-12-05 21:20:49,371:INFO:                umap: Not installed
2022-12-05 21:20:49,371:INFO:    pandas_profiling: Not installed
2022-12-05 21:20:49,371:INFO:  explainerdashboard: Not installed
2022-12-05 21:20:49,371:INFO:             autoviz: Not installed
2022-12-05 21:20:49,383:INFO:           fairlearn: Not installed
2022-12-05 21:20:49,383:INFO:             xgboost: Not installed
2022-12-05 21:20:49,383:INFO:            catboost: Not installed
2022-12-05 21:20:49,383:INFO:              kmodes: Not installed
2022-12-05 21:20:49,383:INFO:             mlxtend: Not installed
2022-12-05 21:20:49,383:INFO:       statsforecast: Not installed
2022-12-05 21:20:49,383:INFO:        tune_sklearn: Not installed
2022-12-05 21:20:49,383:INFO:                 ray: Not installed
2022-12-05 21:20:49,383:INFO:            hyperopt: Not installed
2022-12-05 21:20:49,384:INFO:              optuna: Not installed
2022-12-05 21:20:49,384:INFO:               skopt: Not installed
2022-12-05 21:20:49,384:INFO:              mlflow: Not installed
2022-12-05 21:20:49,384:INFO:              gradio: Not installed
2022-12-05 21:20:49,384:INFO:             fastapi: 0.87.0
2022-12-05 21:20:49,384:INFO:             uvicorn: 0.20.0
2022-12-05 21:20:49,384:INFO:              m2cgen: Not installed
2022-12-05 21:20:49,385:INFO:           evidently: Not installed
2022-12-05 21:20:49,385:INFO:                nltk: Not installed
2022-12-05 21:20:49,385:INFO:            pyLDAvis: Not installed
2022-12-05 21:20:49,385:INFO:              gensim: Not installed
2022-12-05 21:20:49,385:INFO:               spacy: Not installed
2022-12-05 21:20:49,385:INFO:           wordcloud: Not installed
2022-12-05 21:20:49,385:INFO:            textblob: Not installed
2022-12-05 21:20:49,385:INFO:               fugue: Not installed
2022-12-05 21:20:49,385:INFO:           streamlit: Not installed
2022-12-05 21:20:49,386:INFO:             prophet: Not installed
2022-12-05 21:20:49,386:INFO:None
2022-12-05 21:20:49,386:INFO:Set up data.
2022-12-05 21:20:49,400:INFO:Set up train/test split.
2022-12-05 21:20:49,413:INFO:Set up index.
2022-12-05 21:20:49,414:INFO:Set up folding strategy.
2022-12-05 21:20:49,414:INFO:Assigning column types.
2022-12-05 21:20:49,425:INFO:Engine successfully changes for model 'lr' to 'sklearn'.
2022-12-05 21:20:49,426:INFO:Engine for model 'lasso' has not been set explicitly, hence returning None.
2022-12-05 21:20:49,443:INFO:Engine for model 'ridge' has not been set explicitly, hence returning None.
2022-12-05 21:20:49,462:INFO:Engine for model 'en' has not been set explicitly, hence returning None.
2022-12-05 21:20:49,685:INFO:Engine for model 'svm' has not been set explicitly, hence returning None.
2022-12-05 21:20:49,863:INFO:Engine for model 'knn' has not been set explicitly, hence returning None.
2022-12-05 21:20:49,864:WARNING:
'xgboost' is a soft dependency and not included in the pycaret installation. Please run: `pip install xgboost` to install.
Alternately, you can install this by running `pip install pycaret[models]`
2022-12-05 21:20:49,864:WARNING:
'catboost' is a soft dependency and not included in the pycaret installation. Please run: `pip install catboost` to install.
Alternately, you can install this by running `pip install pycaret[models]`
2022-12-05 21:20:49,866:INFO:Engine for model 'lasso' has not been set explicitly, hence returning None.
2022-12-05 21:20:49,887:INFO:Engine for model 'ridge' has not been set explicitly, hence returning None.
2022-12-05 21:20:49,905:INFO:Engine for model 'en' has not been set explicitly, hence returning None.
2022-12-05 21:20:50,129:INFO:Engine for model 'svm' has not been set explicitly, hence returning None.
2022-12-05 21:20:50,305:INFO:Engine for model 'knn' has not been set explicitly, hence returning None.
2022-12-05 21:20:50,306:WARNING:
'xgboost' is a soft dependency and not included in the pycaret installation. Please run: `pip install xgboost` to install.
Alternately, you can install this by running `pip install pycaret[models]`
2022-12-05 21:20:50,306:WARNING:
'catboost' is a soft dependency and not included in the pycaret installation. Please run: `pip install catboost` to install.
Alternately, you can install this by running `pip install pycaret[models]`
2022-12-05 21:20:50,307:INFO:Engine successfully changes for model 'lasso' to 'sklearn'.
2022-12-05 21:20:50,328:INFO:Engine for model 'ridge' has not been set explicitly, hence returning None.
2022-12-05 21:20:50,359:INFO:Engine for model 'en' has not been set explicitly, hence returning None.
2022-12-05 21:20:50,611:INFO:Engine for model 'svm' has not been set explicitly, hence returning None.
2022-12-05 21:20:50,775:INFO:Engine for model 'knn' has not been set explicitly, hence returning None.
2022-12-05 21:20:50,776:WARNING:
'xgboost' is a soft dependency and not included in the pycaret installation. Please run: `pip install xgboost` to install.
Alternately, you can install this by running `pip install pycaret[models]`
2022-12-05 21:20:50,776:WARNING:
'catboost' is a soft dependency and not included in the pycaret installation. Please run: `pip install catboost` to install.
Alternately, you can install this by running `pip install pycaret[models]`
2022-12-05 21:20:50,796:INFO:Engine for model 'ridge' has not been set explicitly, hence returning None.
2022-12-05 21:20:50,813:INFO:Engine for model 'en' has not been set explicitly, hence returning None.
2022-12-05 21:20:51,028:INFO:Engine for model 'svm' has not been set explicitly, hence returning None.
2022-12-05 21:20:51,212:INFO:Engine for model 'knn' has not been set explicitly, hence returning None.
2022-12-05 21:20:51,213:WARNING:
'xgboost' is a soft dependency and not included in the pycaret installation. Please run: `pip install xgboost` to install.
Alternately, you can install this by running `pip install pycaret[models]`
2022-12-05 21:20:51,214:WARNING:
'catboost' is a soft dependency and not included in the pycaret installation. Please run: `pip install catboost` to install.
Alternately, you can install this by running `pip install pycaret[models]`
2022-12-05 21:20:51,214:INFO:Engine successfully changes for model 'ridge' to 'sklearn'.
2022-12-05 21:20:51,247:INFO:Engine for model 'en' has not been set explicitly, hence returning None.
2022-12-05 21:20:51,478:INFO:Engine for model 'svm' has not been set explicitly, hence returning None.
2022-12-05 21:20:51,644:INFO:Engine for model 'knn' has not been set explicitly, hence returning None.
2022-12-05 21:20:51,645:WARNING:
'xgboost' is a soft dependency and not included in the pycaret installation. Please run: `pip install xgboost` to install.
Alternately, you can install this by running `pip install pycaret[models]`
2022-12-05 21:20:51,646:WARNING:
'catboost' is a soft dependency and not included in the pycaret installation. Please run: `pip install catboost` to install.
Alternately, you can install this by running `pip install pycaret[models]`
2022-12-05 21:20:51,680:INFO:Engine for model 'en' has not been set explicitly, hence returning None.
2022-12-05 21:20:51,893:INFO:Engine for model 'svm' has not been set explicitly, hence returning None.
2022-12-05 21:20:52,055:INFO:Engine for model 'knn' has not been set explicitly, hence returning None.
2022-12-05 21:20:52,057:WARNING:
'xgboost' is a soft dependency and not included in the pycaret installation. Please run: `pip install xgboost` to install.
Alternately, you can install this by running `pip install pycaret[models]`
2022-12-05 21:20:52,057:WARNING:
'catboost' is a soft dependency and not included in the pycaret installation. Please run: `pip install catboost` to install.
Alternately, you can install this by running `pip install pycaret[models]`
2022-12-05 21:20:52,058:INFO:Engine successfully changes for model 'en' to 'sklearn'.
2022-12-05 21:20:52,306:INFO:Engine for model 'svm' has not been set explicitly, hence returning None.
2022-12-05 21:20:52,471:INFO:Engine for model 'knn' has not been set explicitly, hence returning None.
2022-12-05 21:20:52,472:WARNING:
'xgboost' is a soft dependency and not included in the pycaret installation. Please run: `pip install xgboost` to install.
Alternately, you can install this by running `pip install pycaret[models]`
2022-12-05 21:20:52,473:WARNING:
'catboost' is a soft dependency and not included in the pycaret installation. Please run: `pip install catboost` to install.
Alternately, you can install this by running `pip install pycaret[models]`
2022-12-05 21:20:52,717:INFO:Engine for model 'svm' has not been set explicitly, hence returning None.
2022-12-05 21:20:52,875:INFO:Engine for model 'knn' has not been set explicitly, hence returning None.
2022-12-05 21:20:52,877:WARNING:
'xgboost' is a soft dependency and not included in the pycaret installation. Please run: `pip install xgboost` to install.
Alternately, you can install this by running `pip install pycaret[models]`
2022-12-05 21:20:52,883:WARNING:
'catboost' is a soft dependency and not included in the pycaret installation. Please run: `pip install catboost` to install.
Alternately, you can install this by running `pip install pycaret[models]`
2022-12-05 21:20:52,884:INFO:Engine successfully changes for model 'knn' to 'sklearn'.
2022-12-05 21:20:53,125:INFO:Engine for model 'svm' has not been set explicitly, hence returning None.
2022-12-05 21:20:53,300:WARNING:
'xgboost' is a soft dependency and not included in the pycaret installation. Please run: `pip install xgboost` to install.
Alternately, you can install this by running `pip install pycaret[models]`
2022-12-05 21:20:53,300:WARNING:
'catboost' is a soft dependency and not included in the pycaret installation. Please run: `pip install catboost` to install.
Alternately, you can install this by running `pip install pycaret[models]`
2022-12-05 21:20:53,543:INFO:Engine for model 'svm' has not been set explicitly, hence returning None.
2022-12-05 21:20:53,705:WARNING:
'xgboost' is a soft dependency and not included in the pycaret installation. Please run: `pip install xgboost` to install.
Alternately, you can install this by running `pip install pycaret[models]`
2022-12-05 21:20:53,705:WARNING:
'catboost' is a soft dependency and not included in the pycaret installation. Please run: `pip install catboost` to install.
Alternately, you can install this by running `pip install pycaret[models]`
2022-12-05 21:20:53,706:INFO:Engine successfully changes for model 'svm' to 'sklearn'.
2022-12-05 21:20:54,055:WARNING:
'xgboost' is a soft dependency and not included in the pycaret installation. Please run: `pip install xgboost` to install.
Alternately, you can install this by running `pip install pycaret[models]`
2022-12-05 21:20:54,056:WARNING:
'catboost' is a soft dependency and not included in the pycaret installation. Please run: `pip install catboost` to install.
Alternately, you can install this by running `pip install pycaret[models]`
2022-12-05 21:20:54,353:WARNING:
'xgboost' is a soft dependency and not included in the pycaret installation. Please run: `pip install xgboost` to install.
Alternately, you can install this by running `pip install pycaret[models]`
2022-12-05 21:20:54,353:WARNING:
'catboost' is a soft dependency and not included in the pycaret installation. Please run: `pip install catboost` to install.
Alternately, you can install this by running `pip install pycaret[models]`
2022-12-05 21:20:54,354:INFO:Preparing preprocessing pipeline...
2022-12-05 21:20:54,355:INFO:Set up simple imputation.
2022-12-05 21:20:54,361:INFO:Set up encoding of ordinal features.
2022-12-05 21:20:54,364:INFO:Set up encoding of categorical features.
2022-12-05 21:20:54,364:INFO:Set up variance threshold.
2022-12-05 21:20:54,589:INFO:Finished creating preprocessing pipeline.
2022-12-05 21:20:54,609:INFO:Pipeline: Pipeline(memory=Memory(location=C:\Users\LENOVO\AppData\Local\Temp\joblib),
         steps=[('numerical_imputer',
                 TransformerWrapper(include=['age', 'bmi', 'children'],
                                    transformer=SimpleImputer())),
                ('categorical_imputer',
                 TransformerWrapper(include=['sex', 'smoker', 'region'],
                                    transformer=SimpleImputer(fill_value='constant',
                                                              strategy='constant'))),
                ('ordinal_encoding...
                                                               mapping=[{'col': 'sex',
                                                                         'mapping': {nan: -1,
                                                                                     'female': 0,
                                                                                     'male': 1}},
                                                                        {'col': 'smoker',
                                                                         'mapping': {nan: -1,
                                                                                     'no': 0,
                                                                                     'yes': 1}}]))),
                ('onehot_encoding',
                 TransformerWrapper(include=['region'],
                                    transformer=OneHotEncoder(cols=['region'],
                                                              handle_missing='return_nan',
                                                              use_cat_names=True))),
                ('low_variance',
                 TransformerWrapper(exclude=[],
                                    transformer=VarianceThreshold(threshold=0)))])
2022-12-05 21:20:54,609:INFO:Creating final display dataframe.
2022-12-05 21:20:55,359:INFO:Setup display_container:                  Description             Value
0                 Session id              4791
1                     Target           charges
2                Target type        Regression
3                 Data shape        (1338, 10)
4           Train data shape         (936, 10)
5            Test data shape         (402, 10)
6           Ordinal features                 2
7           Numeric features                 3
8       Categorical features                 3
9                 Preprocess              True
10           Imputation type            simple
11        Numeric imputation              mean
12    Categorical imputation          constant
13  Maximum one-hot encoding                 5
14           Encoding method              None
15    Low variance threshold                 0
16            Fold Generator             KFold
17               Fold Number                10
18                  CPU Jobs                -1
19                   Use GPU             False
20            Log Experiment             False
21           Experiment Name  reg-default-name
22                       USI              059b
2022-12-05 21:20:55,658:WARNING:
'xgboost' is a soft dependency and not included in the pycaret installation. Please run: `pip install xgboost` to install.
Alternately, you can install this by running `pip install pycaret[models]`
2022-12-05 21:20:55,658:WARNING:
'catboost' is a soft dependency and not included in the pycaret installation. Please run: `pip install catboost` to install.
Alternately, you can install this by running `pip install pycaret[models]`
2022-12-05 21:20:55,948:WARNING:
'xgboost' is a soft dependency and not included in the pycaret installation. Please run: `pip install xgboost` to install.
Alternately, you can install this by running `pip install pycaret[models]`
2022-12-05 21:20:55,948:WARNING:
'catboost' is a soft dependency and not included in the pycaret installation. Please run: `pip install catboost` to install.
Alternately, you can install this by running `pip install pycaret[models]`
2022-12-05 21:20:55,958:INFO:setup() successfully completed in 6.6s...............
2022-12-05 21:26:17,933:INFO:PyCaret RegressionExperiment
2022-12-05 21:26:17,933:INFO:Logging name: reg-default-name
2022-12-05 21:26:17,933:INFO:ML Usecase: MLUsecase.REGRESSION
2022-12-05 21:26:17,933:INFO:version 3.0.0.rc4
2022-12-05 21:26:17,933:INFO:Initializing setup()
2022-12-05 21:26:17,933:INFO:self.USI: cb82
2022-12-05 21:26:17,933:INFO:self.variable_keys: {'X_train', 'n_jobs_param', 'X_test', 'fold_groups_param', 'gpu_param', 'exp_name_log', 'seed', 'variable_keys', 'X', 'pipeline', 'display_container', 'y', 'log_plots_param', '_available_plots', 'logging_param', 'y_test', '_ml_usecase', 'memory', 'master_model_container', '_all_models_internal', 'data', '_all_models', 'transform_target_method_param', 'html_param', 'fold_generator', 'y_train', 'idx', '_gpu_n_jobs_param', '_all_metrics', 'USI', 'transform_target_param', 'target_param', 'exp_id', 'fold_shuffle_param'}
2022-12-05 21:26:17,933:INFO:Checking environment
2022-12-05 21:26:17,934:INFO:python_version: 3.10.7
2022-12-05 21:26:17,934:INFO:python_build: ('tags/v3.10.7:6cc6b13', 'Sep  5 2022 14:08:36')
2022-12-05 21:26:17,934:INFO:machine: AMD64
2022-12-05 21:26:17,934:INFO:platform: Windows-10-10.0.19044-SP0
2022-12-05 21:26:17,934:INFO:Memory: svmem(total=4135993344, available=665759744, percent=83.9, used=3470233600, free=665759744)
2022-12-05 21:26:17,934:INFO:Physical Core: 4
2022-12-05 21:26:17,935:INFO:Logical Core: 4
2022-12-05 21:26:17,935:INFO:Checking libraries
2022-12-05 21:26:17,935:INFO:System:
2022-12-05 21:26:17,935:INFO:    python: 3.10.7 (tags/v3.10.7:6cc6b13, Sep  5 2022, 14:08:36) [MSC v.1933 64 bit (AMD64)]
2022-12-05 21:26:17,935:INFO:executable: C:\Users\LENOVO\AppData\Local\Programs\Python\Python310\python.exe
2022-12-05 21:26:17,935:INFO:   machine: Windows-10-10.0.19044-SP0
2022-12-05 21:26:17,935:INFO:PyCaret required dependencies:
2022-12-05 21:26:17,935:INFO:                 pip: 22.2.2
2022-12-05 21:26:17,936:INFO:          setuptools: 63.2.0
2022-12-05 21:26:17,936:INFO:             pycaret: 3.0.0rc4
2022-12-05 21:26:17,936:INFO:             IPython: 8.4.0
2022-12-05 21:26:17,936:INFO:          ipywidgets: 8.0.2
2022-12-05 21:26:17,936:INFO:                tqdm: 4.64.1
2022-12-05 21:26:17,936:INFO:               numpy: 1.22.4
2022-12-05 21:26:17,936:INFO:              pandas: 1.4.3
2022-12-05 21:26:17,936:INFO:              jinja2: 3.1.2
2022-12-05 21:26:17,936:INFO:               scipy: 1.8.1
2022-12-05 21:26:17,936:INFO:              joblib: 1.2.0
2022-12-05 21:26:17,937:INFO:             sklearn: 1.1.3
2022-12-05 21:26:17,937:INFO:                pyod: 1.0.6
2022-12-05 21:26:17,937:INFO:            imblearn: 0.9.1
2022-12-05 21:26:17,937:INFO:   category_encoders: 2.5.1.post0
2022-12-05 21:26:17,937:INFO:            lightgbm: 3.3.3
2022-12-05 21:26:17,937:INFO:               numba: 0.56.4
2022-12-05 21:26:17,938:INFO:            requests: 2.28.1
2022-12-05 21:26:17,938:INFO:          matplotlib: 3.6.0
2022-12-05 21:26:17,938:INFO:          scikitplot: 0.3.7
2022-12-05 21:26:17,938:INFO:         yellowbrick: 1.5
2022-12-05 21:26:17,938:INFO:              plotly: 5.11.0
2022-12-05 21:26:17,938:INFO:             kaleido: 0.2.1
2022-12-05 21:26:17,938:INFO:         statsmodels: 0.13.5
2022-12-05 21:26:17,938:INFO:              sktime: 0.13.4
2022-12-05 21:26:17,938:INFO:               tbats: 1.1.1
2022-12-05 21:26:17,939:INFO:            pmdarima: 1.8.5
2022-12-05 21:26:17,939:INFO:              psutil: 5.9.1
2022-12-05 21:26:17,939:INFO:PyCaret optional dependencies:
2022-12-05 21:26:17,939:INFO:                shap: Not installed
2022-12-05 21:26:17,939:INFO:           interpret: Not installed
2022-12-05 21:26:17,939:INFO:                umap: Not installed
2022-12-05 21:26:17,939:INFO:    pandas_profiling: Not installed
2022-12-05 21:26:17,940:INFO:  explainerdashboard: Not installed
2022-12-05 21:26:17,940:INFO:             autoviz: Not installed
2022-12-05 21:26:17,940:INFO:           fairlearn: Not installed
2022-12-05 21:26:17,940:INFO:             xgboost: Not installed
2022-12-05 21:26:17,940:INFO:            catboost: Not installed
2022-12-05 21:26:17,940:INFO:              kmodes: Not installed
2022-12-05 21:26:17,940:INFO:             mlxtend: Not installed
2022-12-05 21:26:17,940:INFO:       statsforecast: Not installed
2022-12-05 21:26:17,940:INFO:        tune_sklearn: Not installed
2022-12-05 21:26:17,940:INFO:                 ray: Not installed
2022-12-05 21:26:17,940:INFO:            hyperopt: Not installed
2022-12-05 21:26:17,941:INFO:              optuna: Not installed
2022-12-05 21:26:17,941:INFO:               skopt: Not installed
2022-12-05 21:26:17,941:INFO:              mlflow: Not installed
2022-12-05 21:26:17,941:INFO:              gradio: Not installed
2022-12-05 21:26:17,941:INFO:             fastapi: 0.87.0
2022-12-05 21:26:17,941:INFO:             uvicorn: 0.20.0
2022-12-05 21:26:17,941:INFO:              m2cgen: Not installed
2022-12-05 21:26:17,941:INFO:           evidently: Not installed
2022-12-05 21:26:17,941:INFO:                nltk: Not installed
2022-12-05 21:26:17,941:INFO:            pyLDAvis: Not installed
2022-12-05 21:26:17,941:INFO:              gensim: Not installed
2022-12-05 21:26:17,941:INFO:               spacy: Not installed
2022-12-05 21:26:17,942:INFO:           wordcloud: Not installed
2022-12-05 21:26:17,942:INFO:            textblob: Not installed
2022-12-05 21:26:17,942:INFO:               fugue: Not installed
2022-12-05 21:26:17,942:INFO:           streamlit: Not installed
2022-12-05 21:26:17,942:INFO:             prophet: Not installed
2022-12-05 21:26:17,942:INFO:None
2022-12-05 21:26:17,942:INFO:Set up data.
2022-12-05 21:26:17,957:INFO:Set up train/test split.
2022-12-05 21:26:17,964:INFO:Set up index.
2022-12-05 21:26:17,965:INFO:Set up folding strategy.
2022-12-05 21:26:17,965:INFO:Assigning column types.
2022-12-05 21:26:17,970:INFO:Engine successfully changes for model 'lr' to 'sklearn'.
2022-12-05 21:26:17,970:INFO:Engine for model 'lasso' has not been set explicitly, hence returning None.
2022-12-05 21:26:17,983:INFO:Engine for model 'ridge' has not been set explicitly, hence returning None.
2022-12-05 21:26:17,995:INFO:Engine for model 'en' has not been set explicitly, hence returning None.
2022-12-05 21:26:18,141:INFO:Engine for model 'svm' has not been set explicitly, hence returning None.
2022-12-05 21:26:18,256:INFO:Engine for model 'knn' has not been set explicitly, hence returning None.
2022-12-05 21:26:18,258:WARNING:
'xgboost' is a soft dependency and not included in the pycaret installation. Please run: `pip install xgboost` to install.
Alternately, you can install this by running `pip install pycaret[models]`
2022-12-05 21:26:18,258:WARNING:
'catboost' is a soft dependency and not included in the pycaret installation. Please run: `pip install catboost` to install.
Alternately, you can install this by running `pip install pycaret[models]`
2022-12-05 21:26:18,259:INFO:Engine for model 'lasso' has not been set explicitly, hence returning None.
2022-12-05 21:26:18,271:INFO:Engine for model 'ridge' has not been set explicitly, hence returning None.
2022-12-05 21:26:18,283:INFO:Engine for model 'en' has not been set explicitly, hence returning None.
2022-12-05 21:26:18,427:INFO:Engine for model 'svm' has not been set explicitly, hence returning None.
2022-12-05 21:26:18,542:INFO:Engine for model 'knn' has not been set explicitly, hence returning None.
2022-12-05 21:26:18,550:WARNING:
'xgboost' is a soft dependency and not included in the pycaret installation. Please run: `pip install xgboost` to install.
Alternately, you can install this by running `pip install pycaret[models]`
2022-12-05 21:26:18,550:WARNING:
'catboost' is a soft dependency and not included in the pycaret installation. Please run: `pip install catboost` to install.
Alternately, you can install this by running `pip install pycaret[models]`
2022-12-05 21:26:18,551:INFO:Engine successfully changes for model 'lasso' to 'sklearn'.
2022-12-05 21:26:18,562:INFO:Engine for model 'ridge' has not been set explicitly, hence returning None.
2022-12-05 21:26:18,574:INFO:Engine for model 'en' has not been set explicitly, hence returning None.
2022-12-05 21:26:18,719:INFO:Engine for model 'svm' has not been set explicitly, hence returning None.
2022-12-05 21:26:18,841:INFO:Engine for model 'knn' has not been set explicitly, hence returning None.
2022-12-05 21:26:18,842:WARNING:
'xgboost' is a soft dependency and not included in the pycaret installation. Please run: `pip install xgboost` to install.
Alternately, you can install this by running `pip install pycaret[models]`
2022-12-05 21:26:18,843:WARNING:
'catboost' is a soft dependency and not included in the pycaret installation. Please run: `pip install catboost` to install.
Alternately, you can install this by running `pip install pycaret[models]`
2022-12-05 21:26:18,855:INFO:Engine for model 'ridge' has not been set explicitly, hence returning None.
2022-12-05 21:26:18,867:INFO:Engine for model 'en' has not been set explicitly, hence returning None.
2022-12-05 21:26:19,018:INFO:Engine for model 'svm' has not been set explicitly, hence returning None.
2022-12-05 21:26:19,137:INFO:Engine for model 'knn' has not been set explicitly, hence returning None.
2022-12-05 21:26:19,138:WARNING:
'xgboost' is a soft dependency and not included in the pycaret installation. Please run: `pip install xgboost` to install.
Alternately, you can install this by running `pip install pycaret[models]`
2022-12-05 21:26:19,139:WARNING:
'catboost' is a soft dependency and not included in the pycaret installation. Please run: `pip install catboost` to install.
Alternately, you can install this by running `pip install pycaret[models]`
2022-12-05 21:26:19,139:INFO:Engine successfully changes for model 'ridge' to 'sklearn'.
2022-12-05 21:26:19,163:INFO:Engine for model 'en' has not been set explicitly, hence returning None.
2022-12-05 21:26:19,312:INFO:Engine for model 'svm' has not been set explicitly, hence returning None.
2022-12-05 21:26:19,429:INFO:Engine for model 'knn' has not been set explicitly, hence returning None.
2022-12-05 21:26:19,430:WARNING:
'xgboost' is a soft dependency and not included in the pycaret installation. Please run: `pip install xgboost` to install.
Alternately, you can install this by running `pip install pycaret[models]`
2022-12-05 21:26:19,430:WARNING:
'catboost' is a soft dependency and not included in the pycaret installation. Please run: `pip install catboost` to install.
Alternately, you can install this by running `pip install pycaret[models]`
2022-12-05 21:26:19,463:INFO:Engine for model 'en' has not been set explicitly, hence returning None.
2022-12-05 21:26:19,609:INFO:Engine for model 'svm' has not been set explicitly, hence returning None.
2022-12-05 21:26:19,723:INFO:Engine for model 'knn' has not been set explicitly, hence returning None.
2022-12-05 21:26:19,724:WARNING:
'xgboost' is a soft dependency and not included in the pycaret installation. Please run: `pip install xgboost` to install.
Alternately, you can install this by running `pip install pycaret[models]`
2022-12-05 21:26:19,724:WARNING:
'catboost' is a soft dependency and not included in the pycaret installation. Please run: `pip install catboost` to install.
Alternately, you can install this by running `pip install pycaret[models]`
2022-12-05 21:26:19,725:INFO:Engine successfully changes for model 'en' to 'sklearn'.
2022-12-05 21:26:19,895:INFO:Engine for model 'svm' has not been set explicitly, hence returning None.
2022-12-05 21:26:20,012:INFO:Engine for model 'knn' has not been set explicitly, hence returning None.
2022-12-05 21:26:20,012:WARNING:
'xgboost' is a soft dependency and not included in the pycaret installation. Please run: `pip install xgboost` to install.
Alternately, you can install this by running `pip install pycaret[models]`
2022-12-05 21:26:20,013:WARNING:
'catboost' is a soft dependency and not included in the pycaret installation. Please run: `pip install catboost` to install.
Alternately, you can install this by running `pip install pycaret[models]`
2022-12-05 21:26:20,183:INFO:Engine for model 'svm' has not been set explicitly, hence returning None.
2022-12-05 21:26:20,298:INFO:Engine for model 'knn' has not been set explicitly, hence returning None.
2022-12-05 21:26:20,299:WARNING:
'xgboost' is a soft dependency and not included in the pycaret installation. Please run: `pip install xgboost` to install.
Alternately, you can install this by running `pip install pycaret[models]`
2022-12-05 21:26:20,299:WARNING:
'catboost' is a soft dependency and not included in the pycaret installation. Please run: `pip install catboost` to install.
Alternately, you can install this by running `pip install pycaret[models]`
2022-12-05 21:26:20,300:INFO:Engine successfully changes for model 'knn' to 'sklearn'.
2022-12-05 21:26:20,466:INFO:Engine for model 'svm' has not been set explicitly, hence returning None.
2022-12-05 21:26:20,582:WARNING:
'xgboost' is a soft dependency and not included in the pycaret installation. Please run: `pip install xgboost` to install.
Alternately, you can install this by running `pip install pycaret[models]`
2022-12-05 21:26:20,582:WARNING:
'catboost' is a soft dependency and not included in the pycaret installation. Please run: `pip install catboost` to install.
Alternately, you can install this by running `pip install pycaret[models]`
2022-12-05 21:26:20,750:INFO:Engine for model 'svm' has not been set explicitly, hence returning None.
2022-12-05 21:26:20,865:WARNING:
'xgboost' is a soft dependency and not included in the pycaret installation. Please run: `pip install xgboost` to install.
Alternately, you can install this by running `pip install pycaret[models]`
2022-12-05 21:26:20,866:WARNING:
'catboost' is a soft dependency and not included in the pycaret installation. Please run: `pip install catboost` to install.
Alternately, you can install this by running `pip install pycaret[models]`
2022-12-05 21:26:20,866:INFO:Engine successfully changes for model 'svm' to 'sklearn'.
2022-12-05 21:26:21,150:WARNING:
'xgboost' is a soft dependency and not included in the pycaret installation. Please run: `pip install xgboost` to install.
Alternately, you can install this by running `pip install pycaret[models]`
2022-12-05 21:26:21,150:WARNING:
'catboost' is a soft dependency and not included in the pycaret installation. Please run: `pip install catboost` to install.
Alternately, you can install this by running `pip install pycaret[models]`
2022-12-05 21:26:21,429:WARNING:
'xgboost' is a soft dependency and not included in the pycaret installation. Please run: `pip install xgboost` to install.
Alternately, you can install this by running `pip install pycaret[models]`
2022-12-05 21:26:21,430:WARNING:
'catboost' is a soft dependency and not included in the pycaret installation. Please run: `pip install catboost` to install.
Alternately, you can install this by running `pip install pycaret[models]`
2022-12-05 21:26:21,432:INFO:Preparing preprocessing pipeline...
2022-12-05 21:26:21,433:INFO:Set up simple imputation.
2022-12-05 21:26:21,437:INFO:Set up encoding of ordinal features.
2022-12-05 21:26:21,440:INFO:Set up encoding of categorical features.
2022-12-05 21:26:21,440:INFO:Set up variance threshold.
2022-12-05 21:26:21,664:INFO:Finished creating preprocessing pipeline.
2022-12-05 21:26:21,682:INFO:Pipeline: Pipeline(memory=Memory(location=C:\Users\LENOVO\AppData\Local\Temp\joblib),
         steps=[('numerical_imputer',
                 TransformerWrapper(include=['age', 'bmi', 'children'],
                                    transformer=SimpleImputer())),
                ('categorical_imputer',
                 TransformerWrapper(include=['sex', 'smoker', 'region'],
                                    transformer=SimpleImputer(fill_value='constant',
                                                              strategy='constant'))),
                ('ordinal_encoding...
                                                               mapping=[{'col': 'sex',
                                                                         'mapping': {nan: -1,
                                                                                     'female': 0,
                                                                                     'male': 1}},
                                                                        {'col': 'smoker',
                                                                         'mapping': {nan: -1,
                                                                                     'no': 0,
                                                                                     'yes': 1}}]))),
                ('onehot_encoding',
                 TransformerWrapper(include=['region'],
                                    transformer=OneHotEncoder(cols=['region'],
                                                              handle_missing='return_nan',
                                                              use_cat_names=True))),
                ('low_variance',
                 TransformerWrapper(exclude=[],
                                    transformer=VarianceThreshold(threshold=0)))])
2022-12-05 21:26:21,682:INFO:Creating final display dataframe.
2022-12-05 21:26:22,439:INFO:Setup display_container:                  Description             Value
0                 Session id              1781
1                     Target           charges
2                Target type        Regression
3                 Data shape        (1338, 10)
4           Train data shape         (936, 10)
5            Test data shape         (402, 10)
6           Ordinal features                 2
7           Numeric features                 3
8       Categorical features                 3
9                 Preprocess              True
10           Imputation type            simple
11        Numeric imputation              mean
12    Categorical imputation          constant
13  Maximum one-hot encoding                 5
14           Encoding method              None
15    Low variance threshold                 0
16            Fold Generator             KFold
17               Fold Number                10
18                  CPU Jobs                -1
19                   Use GPU             False
20            Log Experiment             False
21           Experiment Name  reg-default-name
22                       USI              cb82
2022-12-05 21:26:22,735:WARNING:
'xgboost' is a soft dependency and not included in the pycaret installation. Please run: `pip install xgboost` to install.
Alternately, you can install this by running `pip install pycaret[models]`
2022-12-05 21:26:22,736:WARNING:
'catboost' is a soft dependency and not included in the pycaret installation. Please run: `pip install catboost` to install.
Alternately, you can install this by running `pip install pycaret[models]`
2022-12-05 21:26:23,011:WARNING:
'xgboost' is a soft dependency and not included in the pycaret installation. Please run: `pip install xgboost` to install.
Alternately, you can install this by running `pip install pycaret[models]`
2022-12-05 21:26:23,011:WARNING:
'catboost' is a soft dependency and not included in the pycaret installation. Please run: `pip install catboost` to install.
Alternately, you can install this by running `pip install pycaret[models]`
2022-12-05 21:26:23,020:INFO:setup() successfully completed in 5.09s...............
